<?xml version="1.0" encoding="UTF-8"?>
<testng-results ignored="0" total="1" passed="1" failed="0" skipped="0">
  <reporter-output>
  </reporter-output>
  <suite started-at="2023-02-23T11:49:01 IST" name="Default suite" finished-at="2023-02-23T11:49:07 IST" duration-ms="5956">
    <groups>
    </groups>
    <test started-at="2023-02-23T11:49:01 IST" name="Default test" finished-at="2023-02-23T11:49:07 IST" duration-ms="5956">
      <class name="openCart.ClickCartTest">
        <test-method signature="clickCart()[pri:0, instance:openCart.ClickCartTest@67d48005]" started-at="2023-02-23T11:49:01 IST" name="clickCart" finished-at="2023-02-23T11:49:07 IST" duration-ms="5903" status="PASS">
          <reporter-output>
          </reporter-output>
        </test-method> <!-- clickCart -->
      </class> <!-- openCart.ClickCartTest -->
    </test> <!-- Default test -->
  </suite> <!-- Default suite -->
</testng-results>
